23:56:15,514 DEBUG [logging] Logging Provider: org.jboss.logging.Log4jLoggerProvider
23:56:15,523 INFO  [Version] WELD-000900: 2.1.0 (Final)
23:56:15,542 DEBUG [URLScanner] URL Type: file
23:56:15,579 DEBUG [URLScanner] URL Type: file
23:56:15,594 DEBUG [URLScanner] URL Type: jar
23:56:15,617 DEBUG [URLScanner] URL Type: jar
23:56:16,352 INFO  [Bootstrap] WELD-000101: Transactional services not available. Injection of @Inject UserTransaction not available. Transactional observers will be invoked synchronously.
23:56:16,443 DEBUG [Bootstrap] WELD-000124: Using 2 threads for bootstrap
23:56:17,182 DEBUG [Bootstrap] WELD-000106: Bean: WELD|AbstractSyntheticBean|deployment|ApplicationContext
23:56:17,222 DEBUG [Reflection] WELD-000601: interface javax.inject.Singleton is missing @Target. Weld will use this annotation, however this may make the application unportable.
23:56:17,223 DEBUG [Bootstrap] WELD-000106: Bean: WELD|AbstractSyntheticBean|deployment|SingletonContext
23:56:17,232 DEBUG [Bootstrap] WELD-000106: Bean: WELD|AbstractSyntheticBean|deployment|BoundSessionContext
23:56:17,239 DEBUG [Bootstrap] WELD-000106: Bean: WELD|AbstractSyntheticBean|deployment|BoundConversationContext
23:56:17,242 DEBUG [Bootstrap] WELD-000106: Bean: WELD|AbstractSyntheticBean|deployment|BoundRequestContext
23:56:17,243 DEBUG [Bootstrap] WELD-000106: Bean: WELD|AbstractSyntheticBean|deployment|RequestContext
23:56:17,245 DEBUG [Bootstrap] WELD-000106: Bean: WELD|AbstractSyntheticBean|deployment|DependentContext
23:56:17,253 DEBUG [Bootstrap] WELD-000106: Bean: WELD|AbstractSyntheticBean|deployment|HttpSessionContext
23:56:17,255 DEBUG [Bootstrap] WELD-000106: Bean: WELD|AbstractSyntheticBean|deployment|HttpSessionDestructionContext
23:56:17,256 DEBUG [Bootstrap] WELD-000106: Bean: WELD|AbstractSyntheticBean|deployment|HttpConversationContext
23:56:17,256 DEBUG [Bootstrap] WELD-000106: Bean: WELD|AbstractSyntheticBean|deployment|HttpRequestContext
23:56:17,335 DEBUG [Bootstrap] WELD-000106: Bean: Built-in Bean [javax.enterprise.inject.spi.BeanManager] with qualifiers [@Default]
23:56:17,336 DEBUG [Bootstrap] WELD-000106: Bean: Built-in Bean [org.jboss.weld.manager.BeanManagerImpl] with qualifiers [@Default]
23:56:17,354 WARN  [Logger] Class with static Logger definition class org.rapidpm.commons.cdi.tx.CDITransactionExtension
23:56:17,601 DEBUG [Bootstrap] WELD-000106: Bean: Extension [class org.rapidpm.commons.cdi.tx.CDITransactionExtension] with qualifiers [@Default]; jar:file:/Users/Alexander Bischof/Development/stash_modules/cdi-commons/target/cdi-commons-2.0-SNAPSHOT-tests.jar!/META-INF/services/javax.enterprise.inject.spi.Extension@17[org.rapidpm.commons.cdi.tx.CDITransactionExtension@4b2bac3f]
23:56:17,618 DEBUG [Bootstrap] WELD-000106: Bean: Extension [class org.jboss.weld.environment.se.WeldSEBeanRegistrant] with qualifiers [@Default]; jar:file:/Users/Alexander Bischof/.m2/repository/org/jboss/weld/se/weld-se/2.1.0.Final/weld-se-2.1.0.Final.jar!/META-INF/services/javax.enterprise.inject.spi.Extension@1[org.jboss.weld.environment.se.WeldSEBeanRegistrant@22fcf7ab]
23:56:17,619 DEBUG [Bootstrap] WELD-000106: Bean: Built-in Bean [javax.enterprise.inject.spi.BeanManager] with qualifiers [@Default]
23:56:17,619 DEBUG [Bootstrap] WELD-000106: Bean: Built-in Bean [org.jboss.weld.manager.BeanManagerImpl] with qualifiers [@Default]
23:56:18,017 DEBUG [Bootstrap] WELD-000103: Enabled alternatives for Weld BeanManager for classpath [bean count=4]: (empty collection)
23:56:18,017 DEBUG [Bootstrap] WELD-000104: Enabled decorator types for Weld BeanManager for classpath [bean count=4]: 
  - class org.jboss.weld.environment.se.threading.RunnableDecorator
23:56:18,017 DEBUG [Bootstrap] WELD-000105: Enabled interceptor types for Weld BeanManager for classpath [bean count=4]: 
  - class org.rapidpm.commons.cdi.async.AsyncInterceptor,
  - class org.rapidpm.commons.cdi.contextresolver.MockedInterceptor
23:56:18,386 DEBUG [Bootstrap] WELD-000108: Decorator: Decorator [class org.jboss.weld.environment.se.threading.RunnableDecorator] decorates [Runnable] with delegate type [Runnable] and delegate qualifiers [@Default]
23:56:18,387 DEBUG [Bootstrap] WELD-000107: Interceptor: Interceptor [class org.rapidpm.commons.cdi.contextresolver.MockedInterceptor intercepts @CheckMockedContext]
23:56:18,387 DEBUG [Bootstrap] WELD-000107: Interceptor: Interceptor [class org.rapidpm.commons.cdi.async.AsyncInterceptor intercepts @Async]
23:56:18,392 DEBUG [Bootstrap] WELD-000106: Bean: Managed Bean [class org.rapidpm.commons.cdi.dynamicdecorator.DemoLogicAdapter_A] with qualifiers [@CDINotMapped @Any]
23:56:18,392 DEBUG [Bootstrap] WELD-000106: Bean: Managed Bean [class org.jboss.weld.environment.se.WeldContainer] with qualifiers [@Any @Default]
23:56:18,392 DEBUG [Bootstrap] WELD-000106: Bean: Managed Bean [class org.rapidpm.commons.cdi.contextresolver.TestContextResolver] with qualifiers [@Any @Default]
23:56:18,393 DEBUG [Bootstrap] WELD-000106: Bean: Managed Bean [class org.rapidpm.commons.cdi.lang.String2NumberTest] with qualifiers [@Any @Default]
23:56:18,393 DEBUG [Bootstrap] WELD-000106: Bean: Managed Bean [class junit.org.rapidpm.commons.cdi.se.format.SimpleDateFormatTest$TestClassDemoA] with qualifiers [@Any @Default]
23:56:18,393 DEBUG [Bootstrap] WELD-000106: Bean: Managed Bean [class org.rapidpm.commons.cdi.registry.property.impl.file.registries.ModulFilePropertyRegistry] with qualifiers [@Any @Default]
23:56:18,393 DEBUG [Bootstrap] WELD-000106: Bean: WELD|AbstractSyntheticBean|classpath|RequestContext
23:56:18,393 DEBUG [Bootstrap] WELD-000106: Bean: Implicit Bean [javax.enterprise.inject.Instance] with qualifiers [@Default]
23:56:18,393 DEBUG [Bootstrap] WELD-000106: Bean: Implicit Bean [javax.enterprise.inject.spi.EventMetadata] with qualifiers [@Default]
23:56:18,393 DEBUG [Bootstrap] WELD-000106: Bean: Implicit Bean [javax.enterprise.inject.spi.InjectionPoint] with qualifiers [@Default]
23:56:18,394 DEBUG [Bootstrap] WELD-000106: Bean: Managed Bean [class org.rapidpm.demo.cdi.commons.tx.CallerClassResolver$ClassD] with qualifiers [@Any @Default]
23:56:18,394 DEBUG [Bootstrap] WELD-000106: Bean: @New Managed Bean [class org.rapidpm.commons.cdi.registry.property.impl.file.registries.ApplicationFilePropertyRegistry] with qualifiers [@New]
23:56:18,394 DEBUG [Bootstrap] WELD-000106: Bean: Managed Bean [class org.rapidpm.commons.cdi.se.CDIContainerSingleton] with qualifiers [@Any @Default]
23:56:18,394 DEBUG [Bootstrap] WELD-000106: Bean: Managed Bean [class org.rapidpm.commons.cdi.messagebus.MessageBus] with qualifiers [@Any @Default]
23:56:18,394 DEBUG [Bootstrap] WELD-000106: Bean: Managed Bean [class org.rapidpm.commons.cdi.format.DefaultPropertyContextResolver] with qualifiers [@Any @Default]
23:56:18,395 DEBUG [Bootstrap] WELD-000106: Bean: Producer Method [List<Object>] with qualifiers [@CDILegacyTest @Any] declared as [[BackedAnnotatedMethod] @Produces @CDILegacyTest public org.rapidpm.commons.cdi.legacy.ListProducer.createList(InjectionPoint, BeanManager, @CDICommons ContextResolver)]
23:56:18,396 DEBUG [Bootstrap] WELD-000106: Bean: Managed Bean [class org.rapidpm.demo.cdi.commons.tx.CallerClassResolver$ClassA] with qualifiers [@Any @Default]
23:56:18,396 DEBUG [Bootstrap] WELD-000106: Bean: Managed Bean [class junit.org.rapidpm.commons.cdi.se.filesystem.TargetDateFileTest] with qualifiers [@Any @Default]
23:56:18,396 DEBUG [Bootstrap] WELD-000106: Bean: Producer Method [Logger] with qualifiers [@CDILogger @Any] declared as [[BackedAnnotatedMethod] @Produces @CDILogger public org.rapidpm.commons.cdi.logger.LoggerProducer.produceLog4JLogger(InjectionPoint, BeanManager)]
23:56:18,396 DEBUG [Bootstrap] WELD-000106: Bean: Implicit Bean [javax.enterprise.inject.spi.Bean] with qualifiers [@Decorated]
23:56:18,396 DEBUG [Bootstrap] WELD-000106: Bean: Implicit Bean [javax.enterprise.inject.spi.Bean] with qualifiers [@Intercepted]
23:56:18,396 DEBUG [Bootstrap] WELD-000106: Bean: Managed Bean [class org.rapidpm.commons.cdi.legacy.ListFactory] with qualifiers [@Any @Default]
23:56:18,397 DEBUG [Bootstrap] WELD-000106: Bean: Managed Bean [class junit.org.rapidpm.commons.cdi.se.CDIContainerSingletonTest] with qualifiers [@Any @Default]
23:56:18,397 DEBUG [Bootstrap] WELD-000106: Bean: Producer Method [Cache<Object>] with qualifiers [@CDIGenericCache @Any] declared as [[BackedAnnotatedMethod] @Produces @CDIGenericCache public org.rapidpm.commons.cdi.cache.GenericCacheProducer.createCache(BeanManager, InjectionPoint)]
23:56:18,397 DEBUG [Bootstrap] WELD-000106: Bean: WELD|AbstractSyntheticBean|classpath|SingletonContext
23:56:18,397 DEBUG [Bootstrap] WELD-000106: Bean: Managed Bean [class junit.org.rapidpm.commons.cdi.se.CDIContainerSingletonTest$TestClassDemoB] with qualifiers [@Any @Default]
23:56:18,397 DEBUG [Bootstrap] WELD-000106: Bean: Managed Bean [class org.rapidpm.commons.cdi.contextresolver.TestContext] with qualifiers [@Any @Default]
23:56:18,397 DEBUG [Bootstrap] WELD-000106: Bean: WELD|AbstractSyntheticBean|classpath|BoundRequestContext
23:56:18,398 DEBUG [Bootstrap] WELD-000106: Bean: Producer Method [Locale] with qualifiers [@CDILocale @Any] declared as [[BackedAnnotatedMethod] @Produces @CDILocale public org.rapidpm.commons.cdi.locale.LocaleProducer.createDefaultLocale()]
23:56:18,398 DEBUG [Bootstrap] WELD-000106: Bean: Managed Bean [class junit.org.rapidpm.commons.cdi.se.CDIContainerSingletonTest$TestClassDemoA] with qualifiers [@Any @Default]
23:56:18,398 DEBUG [Bootstrap] WELD-000106: Bean: Managed Bean [class org.rapidpm.commons.cdi.cache.GenericCacheProducerTest] with qualifiers [@Any @Default]
23:56:18,398 DEBUG [Bootstrap] WELD-000106: Bean: Managed Bean [class org.rapidpm.demo.cdi.commons.se.ThreadContextExecutor] with qualifiers [@CDICommonsSE @Any]
23:56:18,398 DEBUG [Bootstrap] WELD-000106: Bean: Managed Bean [class org.rapidpm.commons.cdi.tx.CDITransactionContext] with qualifiers [@Any @Default]
23:56:18,398 DEBUG [Bootstrap] WELD-000106: Bean: Implicit Bean [javax.enterprise.event.Event] with qualifiers [@Default]
23:56:18,399 DEBUG [Bootstrap] WELD-000106: Bean: Managed Bean [class org.rapidpm.commons.cdi.locale.LocaleProducer] with qualifiers [@Any @Default]
23:56:18,399 DEBUG [Bootstrap] WELD-000106: Bean: Managed Bean [class org.rapidpm.commons.cdi.registry.property.impl.file.registries.CompanyFilePropertyRegistry] with qualifiers [@Any @Default]
23:56:18,399 DEBUG [Bootstrap] WELD-000106: Bean: Managed Bean [class org.rapidpm.commons.cdi.async.TestService2] with qualifiers [@Any @Default]
23:56:18,399 DEBUG [Bootstrap] WELD-000106: Bean: Managed Bean [class org.rapidpm.commons.cdi.se.CDICommonsSEQualifier] with qualifiers [@Any @Default]
23:56:18,399 DEBUG [Bootstrap] WELD-000106: Bean: Managed Bean [class org.rapidpm.commons.cdi.dynamicdecorator.DynamicObjectAdapterFactory] with qualifiers [@Any @Default]
23:56:18,399 DEBUG [Bootstrap] WELD-000106: Bean: Managed Bean [class org.rapidpm.commons.cdi.DefaultContextResolver] with qualifiers [@CDICommons @Any]
23:56:18,399 DEBUG [Bootstrap] WELD-000106: Bean: Managed Bean [class org.rapidpm.commons.cdi.tx.CDITransaction] with qualifiers [@Any @Default]
23:56:18,400 DEBUG [Bootstrap] WELD-000106: Bean: Managed Bean [class org.rapidpm.commons.cdi.async.AsyncTest] with qualifiers [@Any @Default]
23:56:18,400 DEBUG [Bootstrap] WELD-000106: Bean: Managed Bean [class org.rapidpm.commons.cdi.format.SimpleDateFormatterProducer] with qualifiers [@Any @Default]
23:56:18,400 DEBUG [Bootstrap] WELD-000106: Bean: @New Managed Bean [class org.rapidpm.commons.cdi.registry.property.impl.file.FileBasedPropertyRegistryService] with qualifiers [@New]
23:56:18,401 DEBUG [Bootstrap] WELD-000106: Bean: Producer Method [List<String>] with qualifiers [@Parameters @Any] declared as [[UnbackedAnnotatedMethod] @Produces @Parameters public org.jboss.weld.environment.se.beans.ParametersFactory.getArgs()]
23:56:18,401 DEBUG [Bootstrap] WELD-000106: Bean: Producer Method [String[]] with qualifiers [@Parameters @Any] declared as [[UnbackedAnnotatedMethod] @Produces @Parameters public org.jboss.weld.environment.se.beans.ParametersFactory.getArgsAsArray()]
23:56:18,401 DEBUG [Bootstrap] WELD-000106: Bean: Managed Bean [class org.rapidpm.commons.cdi.dynamicdecorator.Context] with qualifiers [@Any @Default]
23:56:18,401 DEBUG [Bootstrap] WELD-000106: Bean: Managed Bean [class org.rapidpm.commons.cdi.tx.CDITransactionTest$CDITransactionB] with qualifiers [@Any @Default]
23:56:18,401 DEBUG [Bootstrap] WELD-000106: Bean: Managed Bean [class org.rapidpm.commons.cdi.async.TestObserver] with qualifiers [@Any @Default]
23:56:18,401 DEBUG [Bootstrap] WELD-000106: Bean: Managed Bean [class org.rapidpm.commons.cdi.messagebus.Message] with qualifiers [@Any @Default]
23:56:18,402 DEBUG [Bootstrap] WELD-000106: Bean: Managed Bean [class org.rapidpm.commons.cdi.tx.DemoClassA] with qualifiers [@Default @Any @Named]
23:56:18,402 DEBUG [Bootstrap] WELD-000106: Bean: Managed Bean [class org.rapidpm.commons.cdi.logger.LoggerProducerTest] with qualifiers [@Any @Default]
23:56:18,402 DEBUG [Bootstrap] WELD-000106: Bean: Managed Bean [class junit.org.rapidpm.demo.cdi.commons.se.DemoClassA] with qualifiers [@Any @Default]
23:56:18,402 DEBUG [Bootstrap] WELD-000106: Bean: @New Managed Bean [class org.rapidpm.commons.cdi.registry.property.impl.file.registries.CompanyFilePropertyRegistry] with qualifiers [@New]
23:56:18,403 DEBUG [Bootstrap] WELD-000106: Bean: WELD|AbstractSyntheticBean|classpath|BoundConversationContext
23:56:18,403 DEBUG [Bootstrap] WELD-000106: Bean: Managed Bean [class org.rapidpm.commons.cdi.messagebus.MessageBusTest] with qualifiers [@Any @Default]
23:56:18,403 DEBUG [Bootstrap] WELD-000106: Bean: @New Managed Bean [class org.rapidpm.commons.cdi.tx.DemoClassA] with qualifiers [@New]
23:56:18,403 DEBUG [Bootstrap] WELD-000106: Bean: WELD|AbstractSyntheticBean|classpath|HttpSession
23:56:18,403 DEBUG [Bootstrap] WELD-000106: Bean: Implicit Bean [javax.enterprise.inject.spi.Interceptor] with qualifiers [@Default]
23:56:18,403 DEBUG [Bootstrap] WELD-000106: Bean: Managed Bean [class org.jboss.weld.environment.se.beans.InstanceManager] with qualifiers [@Any @Default]
23:56:18,403 DEBUG [Bootstrap] WELD-000106: Bean: Managed Bean [class org.rapidpm.commons.cdi.registry.property.impl.file.registries.FileBasedRegistriesProducer] with qualifiers [@Any @Default]
23:56:18,404 DEBUG [Bootstrap] WELD-000106: Bean: Managed Bean [class org.rapidpm.commons.cdi.registry.property.PropertyRegistryServiceProducer] with qualifiers [@Any @Default]
23:56:18,404 DEBUG [Bootstrap] WELD-000106: Bean: Managed Bean [class org.rapidpm.commons.cdi.async.TestService1] with qualifiers [@Any @Default]
23:56:18,404 DEBUG [Bootstrap] WELD-000106: Bean: WELD|AbstractSyntheticBean|classpath|ApplicationContext
23:56:18,404 DEBUG [Bootstrap] WELD-000106: Bean: Managed Bean [class org.rapidpm.commons.cdi.registry.property.impl.file.registries.ClassFilePropertyRegistry] with qualifiers [@Any @Default]
23:56:18,404 DEBUG [Bootstrap] WELD-000106: Bean: Producer Method [ApplicationFilePropertyRegistry] with qualifiers [@CDIPropertyRegistryFileBased @Any] declared as [[BackedAnnotatedMethod] @Produces @CDIPropertyRegistryFileBased public org.rapidpm.commons.cdi.registry.property.impl.file.registries.FileBasedRegistriesProducer.createApplicationPropertyRegistry(@New ApplicationFilePropertyRegistry)]
23:56:18,404 DEBUG [Bootstrap] WELD-000106: Bean: Producer Method [ClassFilePropertyRegistry] with qualifiers [@CDIPropertyRegistryFileBased @Any] declared as [[BackedAnnotatedMethod] @Produces @CDIPropertyRegistryFileBased public org.rapidpm.commons.cdi.registry.property.impl.file.registries.FileBasedRegistriesProducer.createClassPropertyRegistry(@New ClassFilePropertyRegistry)]
23:56:18,405 DEBUG [Bootstrap] WELD-000106: Bean: Producer Method [CompanyFilePropertyRegistry] with qualifiers [@CDIPropertyRegistryFileBased @Any] declared as [[BackedAnnotatedMethod] @Produces @CDIPropertyRegistryFileBased public org.rapidpm.commons.cdi.registry.property.impl.file.registries.FileBasedRegistriesProducer.createCompayPropertyRegistry(@New CompanyFilePropertyRegistry)]
23:56:18,405 DEBUG [Bootstrap] WELD-000106: Bean: Producer Method [ModulFilePropertyRegistry] with qualifiers [@CDIPropertyRegistryFileBased @Any] declared as [[BackedAnnotatedMethod] @Produces @CDIPropertyRegistryFileBased public org.rapidpm.commons.cdi.registry.property.impl.file.registries.FileBasedRegistriesProducer.createModulPropertyRegistry(@New ModulFilePropertyRegistry)]
23:56:18,405 DEBUG [Bootstrap] WELD-000106: Bean: Producer Method [MessageBus] with qualifiers [@CDIMessageBus @Any] declared as [[BackedAnnotatedMethod] @Produces @CDIMessageBus public org.rapidpm.commons.cdi.messagebus.MessageBusProducer.create(MessageBus)]
23:56:18,405 DEBUG [Bootstrap] WELD-000106: Bean: Managed Bean [class org.rapidpm.commons.cdi.registry.property.impl.file.CDIPropertyregistryFileBasedLiteral] with qualifiers [@Any @Default]
23:56:18,405 DEBUG [Bootstrap] WELD-000106: Bean: Implicit Bean [javax.enterprise.inject.spi.Decorator] with qualifiers [@Default]
23:56:18,406 DEBUG [Bootstrap] WELD-000106: Bean: Producer Method [SimpleDateFormat] with qualifiers [@CDISimpleDateFormatter @Any] declared as [[BackedAnnotatedMethod] @Produces @CDISimpleDateFormatter public org.rapidpm.commons.cdi.format.SimpleDateFormatterProducer.produceSimpleDateFormatter(InjectionPoint)]
23:56:18,406 DEBUG [Bootstrap] WELD-000106: Bean: Managed Bean [class org.rapidpm.commons.cdi.cache.CachedClass] with qualifiers [@Any @Default]
23:56:18,406 DEBUG [Bootstrap] WELD-000106: Bean: WELD|AbstractSyntheticBean|classpath|HttpRequestContext
23:56:18,406 DEBUG [Bootstrap] WELD-000106: Bean: Producer Method [DemoLogic] with qualifiers [@DynamicDecoratorTest @Any] declared as [[BackedAnnotatedMethod] @Produces @DynamicDecoratorTest public org.rapidpm.commons.cdi.dynamicdecorator.DemoLogicProducer.create(ManagedInstanceCreator)]
23:56:18,406 DEBUG [Bootstrap] WELD-000106: Bean: WELD|AbstractSyntheticBean|classpath|BoundSessionContext
23:56:18,407 DEBUG [Bootstrap] WELD-000106: Bean: Managed Bean [class org.rapidpm.commons.cdi.registry.property.impl.file.FileBasedPropertyRegistryService] with qualifiers [@Any @Default]
23:56:18,407 DEBUG [Bootstrap] WELD-000106: Bean: Managed Bean [class org.rapidpm.commons.cdi.ManagedInstanceCreator] with qualifiers [@Any @Default]
23:56:18,407 DEBUG [Bootstrap] WELD-000106: Bean: WELD|AbstractSyntheticBean|classpath|HttpServletRequest
23:56:18,407 DEBUG [Bootstrap] WELD-000106: Bean: Managed Bean [class org.rapidpm.commons.cdi.tx.CDITransactionTest] with qualifiers [@Any @Default]
23:56:18,407 DEBUG [Bootstrap] WELD-000106: Bean: Managed Bean [class org.rapidpm.commons.cdi.lang.String2Number] with qualifiers [@Any @Default]
23:56:18,408 DEBUG [Bootstrap] WELD-000106: Bean: Managed Bean [class org.rapidpm.demo.cdi.commons.tx.CallerClassResolver] with qualifiers [@Any @Default]
23:56:18,408 DEBUG [Bootstrap] WELD-000106: Bean: Managed Bean [class org.rapidpm.commons.cdi.format.CDISimpleDateFormatterQualifier] with qualifiers [@Any @Default]
23:56:18,408 DEBUG [Bootstrap] WELD-000106: Bean: WELD|AbstractSyntheticBean|classpath|HttpSessionDestructionContext
23:56:18,408 DEBUG [Bootstrap] WELD-000106: Bean: Managed Bean [class org.jboss.weld.environment.se.beans.ParametersFactory] with qualifiers [@Any @Default]
23:56:18,408 DEBUG [Bootstrap] WELD-000106: Bean: Managed Bean [class org.rapidpm.demo.cdi.commons.tx.CallerClassResolver$ClassB] with qualifiers [@Any @Default]
23:56:18,408 DEBUG [Bootstrap] WELD-000106: Bean: Managed Bean [class org.rapidpm.commons.cdi.dynamicdecorator.DemoLogicTest] with qualifiers [@Any @Default]
23:56:18,408 DEBUG [Bootstrap] WELD-000106: Bean: WELD|AbstractSyntheticBean|classpath|Conversation
23:56:18,409 DEBUG [Bootstrap] WELD-000106: Bean: Managed Bean [class org.rapidpm.commons.cdi.format.number.PercentageFormatter] with qualifiers [@Any @Default]
23:56:18,409 DEBUG [Bootstrap] WELD-000106: Bean: Managed Bean [class org.rapidpm.demo.cdi.commons.tx.CallerClassResolver$ClassC] with qualifiers [@Any @Default]
23:56:18,411 DEBUG [Bootstrap] WELD-000106: Bean: Managed Bean [class org.rapidpm.commons.cdi.registry.property.impl.file.registries.ApplicationFilePropertyRegistry] with qualifiers [@Any @Default]
23:56:18,411 DEBUG [Bootstrap] WELD-000106: Bean: Managed Bean [class org.rapidpm.commons.cdi.dynamicdecorator.DemoLogicProducer] with qualifiers [@Any @Default]
23:56:18,411 DEBUG [Bootstrap] WELD-000106: Bean: Managed Bean [class org.rapidpm.commons.cdi.contextresolver.ContextResolverMockedTest] with qualifiers [@Any @Default]
23:56:18,412 DEBUG [Bootstrap] WELD-000106: Bean: Managed Bean [class org.rapidpm.commons.cdi.legacy.ListProducer] with qualifiers [@Any @Default]
23:56:18,412 DEBUG [Bootstrap] WELD-000106: Bean: Managed Bean [class junit.org.rapidpm.commons.cdi.se.format.SimpleDateFormatTest] with qualifiers [@Any @Default]
23:56:18,412 DEBUG [Bootstrap] WELD-000106: Bean: Managed Bean [class org.rapidpm.commons.cdi.registry.property.impl.file.FileBasedPropertyRegistryServiceProducer] with qualifiers [@Any @Default]
23:56:18,413 DEBUG [Bootstrap] WELD-000106: Bean: Managed Bean [class org.rapidpm.commons.cdi.messagebus.model.TestCallbackData] with qualifiers [@Any @Default]
23:56:18,413 DEBUG [Bootstrap] WELD-000106: Bean: WELD|AbstractSyntheticBean|classpath|DependentContext
23:56:18,413 DEBUG [Bootstrap] WELD-000106: Bean: Managed Bean [class org.rapidpm.commons.cdi.registry.clazz.PackageClassLoader] with qualifiers [@Any @Default]
23:56:18,413 DEBUG [Bootstrap] WELD-000106: Bean: Managed Bean [class org.rapidpm.commons.cdi.format.SimpleDateFormatterProducer$HolderClass] with qualifiers [@Any @Default]
23:56:18,414 DEBUG [Bootstrap] WELD-000106: Bean: WELD|AbstractSyntheticBean|classpath|HttpConversationContext
23:56:18,414 DEBUG [Bootstrap] WELD-000106: Bean: Managed Bean [class org.rapidpm.commons.cdi.format.SimpleDateFormatterProducerTest] with qualifiers [@Any @Default]
23:56:18,414 DEBUG [Bootstrap] WELD-000106: Bean: Managed Bean [class org.rapidpm.commons.cdi.legacy.ListFactoryTest] with qualifiers [@Any @Default]
23:56:18,415 DEBUG [Bootstrap] WELD-000106: Bean: Producer Method [PropertyRegistryService] with qualifiers [@CDIPropertyRegistryFileBased @Any] declared as [[BackedAnnotatedMethod] @Produces @CDIPropertyRegistryFileBased private org.rapidpm.commons.cdi.registry.property.impl.file.FileBasedPropertyRegistryServiceProducer.createFileBased(@New FileBasedPropertyRegistryService)]
23:56:18,415 DEBUG [Bootstrap] WELD-000106: Bean: Managed Bean [class org.rapidpm.commons.cdi.logger.LoggerProducer] with qualifiers [@Any @Default]
23:56:18,415 DEBUG [Bootstrap] WELD-000106: Bean: Managed Bean [class org.rapidpm.commons.cdi.se.filesystem.TargetDateFile] with qualifiers [@CDICommonsSE @Any]
23:56:18,416 DEBUG [Bootstrap] WELD-000106: Bean: Managed Bean [class org.rapidpm.commons.cdi.async.AsyncTestEvent] with qualifiers [@Any @Default]
23:56:18,416 DEBUG [Bootstrap] WELD-000106: Bean: @New Managed Bean [class org.rapidpm.commons.cdi.registry.property.impl.file.registries.ClassFilePropertyRegistry] with qualifiers [@New]
23:56:18,416 DEBUG [Bootstrap] WELD-000106: Bean: @New Managed Bean [class org.rapidpm.commons.cdi.registry.property.impl.file.registries.ModulFilePropertyRegistry] with qualifiers [@New]
23:56:18,416 DEBUG [Bootstrap] WELD-000106: Bean: WELD|AbstractSyntheticBean|classpath|ServletContext
23:56:18,416 DEBUG [Bootstrap] WELD-000106: Bean: Managed Bean [class org.rapidpm.commons.cdi.dynamicdecorator.CDIInvocationHandler] with qualifiers [@Any @Default]
23:56:18,417 DEBUG [Bootstrap] WELD-000106: Bean: Implicit Bean [javax.enterprise.inject.spi.Bean] with qualifiers [@Default]
23:56:18,417 DEBUG [Bootstrap] WELD-000106: Bean: Producer Method [PropertyRegistryService] with qualifiers [@CDIPropertyRegistryService @Any] declared as [[BackedAnnotatedMethod] @Produces @CDIPropertyRegistryService public org.rapidpm.commons.cdi.registry.property.PropertyRegistryServiceProducer.create(InjectionPoint, @CDICommons ContextResolver)]
23:56:18,417 DEBUG [Bootstrap] WELD-000106: Bean: Managed Bean [class org.rapidpm.commons.cdi.messagebus.MessageBusProducer] with qualifiers [@Any @Default]
23:56:18,417 DEBUG [Bootstrap] WELD-000106: Bean: WELD|AbstractSyntheticBean|classpath|HttpSessionContext
23:56:18,418 DEBUG [Bootstrap] WELD-000106: Bean: Managed Bean [class org.rapidpm.commons.cdi.cache.GenericCacheProducer] with qualifiers [@Any @Default]
23:56:18,418 DEBUG [Bootstrap] WELD-000109: ObserverMethod: [BackedAnnotatedMethod] @Async public org.rapidpm.commons.cdi.async.TestObserver.observeAsync(@Observes AsyncTestEvent)
23:56:18,424 DEBUG [CDITransactionExtension] afterBeanDiscovery -> context CDITransactionContext{ nr=1393023378422618000 classCacheMap={}}
23:56:18,704 DEBUG [Reflection] WELD-000601: interface javax.inject.Named is missing @Target. Weld will use this annotation, however this may make the application unportable.
23:56:18,748 DEBUG [Bootstrap] WELD-000100: Weld initialized. Validating beans
23:56:18,859 DEBUG [InstanceManager] managed instance class java.text.SimpleDateFormat
23:56:18,860 DEBUG [InstanceManager] AnnotationLiteral - literal @org.rapidpm.commons.cdi.format.CDISimpleDateFormatter(value="")
23:56:18,860 DEBUG [InstanceManager] InstanceReference - class class java.text.SimpleDateFormat
23:56:18,861 DEBUG [InstanceManager] AnnotationLiteral - literal @org.rapidpm.commons.cdi.format.CDISimpleDateFormatter(value="")
23:56:18,890 WARN  [ModulFilePropertyRegistry] ressource not found loading dummy
23:56:18,900 WARN  [ClassFilePropertyRegistry] ressource not found loading dummy
23:56:18,907 DEBUG [PropertyRegistryServiceProducer] used ContextResolver - org.rapidpm.commons.cdi.DefaultContextResolver
23:56:19,132 WARN  [ModulFilePropertyRegistry] ressource not found loading dummy
23:56:19,134 WARN  [ClassFilePropertyRegistry] ressource not found loading dummy
23:56:19,134 INFO  [PropertyRegistryServiceProducer] PropertyRegistryService - Using default filebased implementation 
23:56:19,183 DEBUG [FileBasedPropertyRegistryService] CompanyFilePropertyRegistry found Property date.yyyyMMdd
23:56:19,193 DEBUG [InstanceManager] managed instance class junit.org.rapidpm.commons.cdi.se.format.SimpleDateFormatTest$TestClassDemoA
23:56:19,193 DEBUG [InstanceManager] InstanceReference - class class junit.org.rapidpm.commons.cdi.se.format.SimpleDateFormatTest$TestClassDemoA
23:56:19,225 WARN  [ModulFilePropertyRegistry] ressource not found loading dummy
23:56:19,236 WARN  [ClassFilePropertyRegistry] ressource not found loading dummy
23:56:19,240 DEBUG [PropertyRegistryServiceProducer] used ContextResolver - org.rapidpm.commons.cdi.DefaultContextResolver
23:56:19,259 WARN  [ModulFilePropertyRegistry] ressource not found loading dummy
23:56:19,270 WARN  [ClassFilePropertyRegistry] ressource not found loading dummy
23:56:19,273 INFO  [PropertyRegistryServiceProducer] PropertyRegistryService - Using default filebased implementation 
23:56:19,274 DEBUG [FileBasedPropertyRegistryService] CompanyFilePropertyRegistry found Property date.yyyyMMdd
23:56:19,277 WARN  [ModulFilePropertyRegistry] ressource not found loading dummy
23:56:19,282 WARN  [ClassFilePropertyRegistry] ressource not found loading dummy
23:56:19,284 DEBUG [PropertyRegistryServiceProducer] used ContextResolver - org.rapidpm.commons.cdi.DefaultContextResolver
23:56:19,291 WARN  [ModulFilePropertyRegistry] ressource not found loading dummy
23:56:19,292 WARN  [ClassFilePropertyRegistry] ressource not found loading dummy
23:56:19,292 INFO  [PropertyRegistryServiceProducer] PropertyRegistryService - Using default filebased implementation 
23:56:19,293 DEBUG [FileBasedPropertyRegistryService] CompanyFilePropertyRegistry found Property date.yyyy
23:56:19,299 DEBUG [InstanceManager] managed instance class junit.org.rapidpm.commons.cdi.se.format.SimpleDateFormatTest$TestClassDemoA
23:56:19,299 DEBUG [InstanceManager] InstanceReference - class class junit.org.rapidpm.commons.cdi.se.format.SimpleDateFormatTest$TestClassDemoA
23:56:19,314 WARN  [ModulFilePropertyRegistry] ressource not found loading dummy
23:56:19,316 WARN  [ClassFilePropertyRegistry] ressource not found loading dummy
23:56:19,319 DEBUG [PropertyRegistryServiceProducer] used ContextResolver - org.rapidpm.commons.cdi.DefaultContextResolver
23:56:19,326 WARN  [ModulFilePropertyRegistry] ressource not found loading dummy
23:56:19,329 WARN  [ClassFilePropertyRegistry] ressource not found loading dummy
23:56:19,330 INFO  [PropertyRegistryServiceProducer] PropertyRegistryService - Using default filebased implementation 
23:56:19,336 DEBUG [FileBasedPropertyRegistryService] CompanyFilePropertyRegistry found Property date.yyyyMMdd
23:56:19,364 WARN  [ModulFilePropertyRegistry] ressource not found loading dummy
23:56:19,365 WARN  [ClassFilePropertyRegistry] ressource not found loading dummy
23:56:19,383 DEBUG [PropertyRegistryServiceProducer] used ContextResolver - org.rapidpm.commons.cdi.DefaultContextResolver
23:56:19,399 WARN  [ModulFilePropertyRegistry] ressource not found loading dummy
23:56:19,400 WARN  [ClassFilePropertyRegistry] ressource not found loading dummy
23:56:19,401 INFO  [PropertyRegistryServiceProducer] PropertyRegistryService - Using default filebased implementation 
23:56:19,401 DEBUG [FileBasedPropertyRegistryService] CompanyFilePropertyRegistry found Property date.yyyy
